2026-02-18 19:38:44 29768 [Note] Plugin 'FEDERATED' is disabled.
2026-02-18 19:38:44 29768 [Note] InnoDB: The InnoDB memory heap is disabled
2026-02-18 19:38:44 29768 [Note] InnoDB: Mutexes and rw_locks use Windows interlocked functions
2026-02-18 19:38:44 29768 [Note] InnoDB: Compressed tables use zlib 1.2.3
2026-02-18 19:38:44 29768 [Note] InnoDB: Not using CPU crc32 instructions
2026-02-18 19:38:44 29768 [Note] InnoDB: Initializing buffer pool, size = 128.0M
2026-02-18 19:38:44 29768 [Note] InnoDB: Completed initialization of buffer pool
2026-02-18 19:38:44 29768 [Note] InnoDB: Setting log file C:\Users\bruno.amartins4\Documents\@temp\USBWebserver v8.6\mysql\data\ib_logfile101 size to 5 MB
2026-02-18 19:38:44 29768 [Note] InnoDB: Setting log file C:\Users\bruno.amartins4\Documents\@temp\USBWebserver v8.6\mysql\data\ib_logfile1 size to 5 MB
2026-02-18 19:38:44 29768 [Note] InnoDB: Renaming log file C:\Users\bruno.amartins4\Documents\@temp\USBWebserver v8.6\mysql\data\ib_logfile101 to C:\Users\bruno.amartins4\Documents\@temp\USBWebserver v8.6\mysql\data\ib_logfile0
2026-02-18 19:38:44 29768 [Warning] InnoDB: New log files created, LSN=1626134
2026-02-18 19:38:44 29768 [Note] InnoDB: Highest supported file format is Barracuda.
2026-02-18 19:38:44 29768 [Note] InnoDB: 128 rollback segment(s) are active.
2026-02-18 19:38:44 29768 [Note] InnoDB: Waiting for purge to start
2026-02-18 19:38:44 29768 [Note] InnoDB: 5.6.13 started; log sequence number 1626636
2026-02-18 19:38:44 29768 [Warning] No existing UUID has been found, so we assume that this is the first time that this server has been started. Generating a new UUID: 95370e40-0d1a-11f1-a2f8-0a002700000a.
2026-02-18 19:38:44 29768 [Note] Server hostname (bind-address): '*'; port: 3307
2026-02-18 19:38:44 29768 [Note] IPv6 is available.
2026-02-18 19:38:44 29768 [Note]   - '::' resolves to '::';
2026-02-18 19:38:44 29768 [Note] Server socket created on IP: '::'.
2026-02-18 19:38:45 29768 [Note] Event Scheduler: Loaded 0 events
2026-02-18 19:38:45 29768 [Note] C:\Users\bruno.amartins4\Documents\@temp\USBWebserver v8.6/mysql/bin/mysqld_usbwv8.exe: ready for connections.
Version: '5.6.13'  socket: ''  port: 3307  MySQL Community Server (GPL)
2026-02-18 21:15:23 28508 [Note] Plugin 'FEDERATED' is disabled.
2026-02-18 21:15:23 28508 [Note] InnoDB: The InnoDB memory heap is disabled
2026-02-18 21:15:23 28508 [Note] InnoDB: Mutexes and rw_locks use Windows interlocked functions
2026-02-18 21:15:23 28508 [Note] InnoDB: Compressed tables use zlib 1.2.3
2026-02-18 21:15:23 28508 [Note] InnoDB: Not using CPU crc32 instructions
2026-02-18 21:15:23 28508 [Note] InnoDB: Initializing buffer pool, size = 128.0M
2026-02-18 21:15:23 28508 [Note] InnoDB: Completed initialization of buffer pool
2026-02-18 21:15:23 28508 [Note] InnoDB: Highest supported file format is Barracuda.
2026-02-18 21:15:23 28508 [Note] InnoDB: The log sequence numbers 1626134 and 1626134 in ibdata files do not match the log sequence number 1626646 in the ib_logfiles!
2026-02-18 21:15:23 28508 [Note] InnoDB: Database was not shutdown normally!
2026-02-18 21:15:23 28508 [Note] InnoDB: Starting crash recovery.
2026-02-18 21:15:23 28508 [Note] InnoDB: Reading tablespace information from the .ibd files...
2026-02-18 21:15:23 28508 [Note] InnoDB: Restoring possible half-written data pages 
2026-02-18 21:15:23 28508 [Note] InnoDB: from the doublewrite buffer...
2026-02-18 21:15:23 28508 [Note] InnoDB: 128 rollback segment(s) are active.
2026-02-18 21:15:23 28508 [Note] InnoDB: Waiting for purge to start
2026-02-18 21:15:23 28508 [Note] InnoDB: 5.6.13 started; log sequence number 1626646
2026-02-18 21:15:23 28508 [Note] Server hostname (bind-address): '*'; port: 3307
2026-02-18 21:15:23 28508 [Note] IPv6 is available.
2026-02-18 21:15:23 28508 [Note]   - '::' resolves to '::';
2026-02-18 21:15:23 28508 [Note] Server socket created on IP: '::'.
2026-02-18 21:15:24 28508 [Note] Event Scheduler: Loaded 0 events
2026-02-18 21:15:24 28508 [Note] C:\Users\bruno.amartins4\Documents\@temp\USBWebserver v8.6/mysql/bin/mysqld_usbwv8.exe: ready for connections.
Version: '5.6.13'  socket: ''  port: 3307  MySQL Community Server (GPL)
